 ::1 - - [04/Aug/2020:06:34:04 +0000] "GET /admin HTTP/1.1" 200 5906 "http://localhost:3000/" "Mozilla/5.0 (Windows NT 10.0; Win64; x64) AppleWebKit/537.36 (KHTML, like Gecko) Chrome/84.0.4147.105 Safari/537.36"
::1 - - [04/Aug/2020:06:34:08 +0000] "GET /admin/user HTTP/1.1" 200 7275 "http://localhost:3000/admin" "Mozilla/5.0 (Windows NT 10.0; Win64; x64) AppleWebKit/537.36 (KHTML, like Gecko) Chrome/84.0.4147.105 Safari/537.36"
::1 - - [04/Aug/2020:06:34:11 +0000] "GET /admin/user HTTP/1.1" 200 7275 "http://localhost:3000/admin/user" "Mozilla/5.0 (Windows NT 10.0; Win64; x64) AppleWebKit/537.36 (KHTML, like Gecko) Chrome/84.0.4147.105 Safari/537.36"
::1 - - [04/Aug/2020:06:34:14 +0000] "GET /admin/categories HTTP/1.1" - - "http://localhost:3000/admin/user" "Mozilla/5.0 (Windows NT 10.0; Win64; x64) AppleWebKit/537.36 (KHTML, like Gecko) Chrome/84.0.4147.105 Safari/537.36"
::1 - - [04/Aug/2020:06:34:14 +0000] "GET /admin/content HTTP/1.1" 200 6561 "http://localhost:3000/admin/user" "Mozilla/5.0 (Windows NT 10.0; Win64; x64) AppleWebKit/537.36 (KHTML, like Gecko) Chrome/84.0.4147.105 Safari/537.36"
::1 - - [04/Aug/2020:06:34:15 +0000] "GET /admin/user HTTP/1.1" 200 7275 "http://localhost:3000/admin/content" "Mozilla/5.0 (Windows NT 10.0; Win64; x64) AppleWebKit/537.36 (KHTML, like Gecko) Chrome/84.0.4147.105 Safari/537.36"
::1 - - [04/Aug/2020:06:34:17 +0000] "GET /admin/content HTTP/1.1" 200 6561 "http://localhost:3000/admin/user" "Mozilla/5.0 (Windows NT 10.0; Win64; x64) AppleWebKit/537.36 (KHTML, like Gecko) Chrome/84.0.4147.105 Safari/537.36"
::1 - - [04/Aug/2020:06:34:36 +0000] "GET /admin/content/edit HTTP/1.1" 200 8106 "http://localhost:3000/admin/content" "Mozilla/5.0 (Windows NT 10.0; Win64; x64) AppleWebKit/537.36 (KHTML, like Gecko) Chrome/84.0.4147.105 Safari/537.36"
::1 - - [04/Aug/2020:06:34:55 +0000] "GET /admin HTTP/1.1" 200 5906 "http://localhost:3000/" "Mozilla/5.0 (Windows NT 10.0; Win64; x64) AppleWebKit/537.36 (KHTML, like Gecko) Chrome/84.0.4147.105 Safari/537.36"
::1 - - [04/Aug/2020:06:36:43 +0000] "GET /admin/content/edit HTTP/1.1" 200 8106 "http://localhost:3000/admin" "Mozilla/5.0 (Windows NT 10.0; Win64; x64) AppleWebKit/537.36 (KHTML, like Gecko) Chrome/84.0.4147.105 Safari/537.36"
::1 - - [04/Aug/2020:07:03:04 +0000] "GET /admin/content/edit HTTP/1.1" 200 8418 "http://localhost:3000/admin" "Mozilla/5.0 (Windows NT 10.0; Win64; x64) AppleWebKit/537.36 (KHTML, like Gecko) Chrome/84.0.4147.105 Safari/537.36"
::1 - - [04/Aug/2020:07:03:26 +0000] "GET /admin/content/edit HTTP/1.1" 200 8418 "http://localhost:3000/admin" "Mozilla/5.0 (Windows NT 10.0; Win64; x64) AppleWebKit/537.36 (KHTML, like Gecko) Chrome/84.0.4147.105 Safari/537.36"
::1 - - [04/Aug/2020:07:03:46 +0000] "GET /admin/content/edit HTTP/1.1" 200 8458 "http://localhost:3000/admin" "Mozilla/5.0 (Windows NT 10.0; Win64; x64) AppleWebKit/537.36 (KHTML, like Gecko) Chrome/84.0.4147.105 Safari/537.36"
::1 - - [04/Aug/2020:07:04:04 +0000] "GET /admin/content/edit HTTP/1.1" 200 8506 "http://localhost:3000/admin" "Mozilla/5.0 (Windows NT 10.0; Win64; x64) AppleWebKit/537.36 (KHTML, like Gecko) Chrome/84.0.4147.105 Safari/537.36"
::1 - - [04/Aug/2020:07:04:41 +0000] "GET /admin/content/edit HTTP/1.1" 200 8506 "http://localhost:3000/admin" "Mozilla/5.0 (Windows NT 10.0; Win64; x64) AppleWebKit/537.36 (KHTML, like Gecko) Chrome/84.0.4147.105 Safari/537.36"
::1 - - [04/Aug/2020:07:18:27 +0000] "GET /admin/content/edit HTTP/1.1" 200 8973 "http://localhost:3000/admin" "Mozilla/5.0 (Windows NT 10.0; Win64; x64) AppleWebKit/537.36 (KHTML, like Gecko) Chrome/84.0.4147.105 Safari/537.36"
::1 - - [04/Aug/2020:07:19:29 +0000] "GET /admin/content/edit HTTP/1.1" 200 9010 "http://localhost:3000/admin" "Mozilla/5.0 (Windows NT 10.0; Win64; x64) AppleWebKit/537.36 (KHTML, like Gecko) Chrome/84.0.4147.105 Safari/537.36"
::1 - - [04/Aug/2020:07:28:44 +0000] "GET /admin/content/edit HTTP/1.1" 200 8690 "http://localhost:3000/admin" "Mozilla/5.0 (Windows NT 10.0; Win64; x64) AppleWebKit/537.36 (KHTML, like Gecko) Chrome/84.0.4147.105 Safari/537.36"
::1 - - [04/Aug/2020:07:28:53 +0000] "GET /admin/content/edit HTTP/1.1" 200 8690 "http://localhost:3000/admin" "Mozilla/5.0 (Windows NT 10.0; Win64; x64) AppleWebKit/537.36 (KHTML, like Gecko) Chrome/84.0.4147.105 Safari/537.36"
::1 - - [04/Aug/2020:07:28:58 +0000] "GET /admin/content/edit HTTP/1.1" 200 8690 "http://localhost:3000/admin" "Mozilla/5.0 (Windows NT 10.0; Win64; x64) AppleWebKit/537.36 (KHTML, like Gecko) Chrome/84.0.4147.105 Safari/537.36"
::1 - - [04/Aug/2020:07:42:26 +0000] "GET /admin/content/edit HTTP/1.1" 200 8691 "http://localhost:3000/admin" "Mozilla/5.0 (Windows NT 10.0; Win64; x64) AppleWebKit/537.36 (KHTML, like Gecko) Chrome/84.0.4147.105 Safari/537.36"
::1 - - [04/Aug/2020:07:56:16 +0000] "GET /admin/content/edit HTTP/1.1" 200 8691 "http://localhost:3000/admin" "Mozilla/5.0 (Windows NT 10.0; Win64; x64) AppleWebKit/537.36 (KHTML, like Gecko) Chrome/84.0.4147.105 Safari/537.36"
::1 - - [04/Aug/2020:08:24:17 +0000] "GET /admin/content/edit HTTP/1.1" 200 8106 "http://localhost:3000/admin" "Mozilla/5.0 (Windows NT 10.0; Win64; x64) AppleWebKit/537.36 (KHTML, like Gecko) Chrome/84.0.4147.105 Safari/537.36"
::1 - - [04/Aug/2020:08:25:37 +0000] "GET /admin/content/edit HTTP/1.1" 200 8106 "http://localhost:3000/admin" "Mozilla/5.0 (Windows NT 10.0; Win64; x64) AppleWebKit/537.36 (KHTML, like Gecko) Chrome/84.0.4147.105 Safari/537.36"
::1 - - [04/Aug/2020:09:03:26 +0000] "GET /admin/content/edit HTTP/1.1" 200 1041 "http://localhost:3000/admin" "Mozilla/5.0 (Windows NT 10.0; Win64; x64) AppleWebKit/537.36 (KHTML, like Gecko) Chrome/84.0.4147.105 Safari/537.36"
::1 - - [04/Aug/2020:09:09:07 +0000] "GET /admin/content/edit HTTP/1.1" 200 1058 "http://localhost:3000/admin" "Mozilla/5.0 (Windows NT 10.0; Win64; x64) AppleWebKit/537.36 (KHTML, like Gecko) Chrome/84.0.4147.105 Safari/537.36"
::1 - - [04/Aug/2020:09:11:48 +0000] "GET /admin/content/edit HTTP/1.1" 200 1050 "http://localhost:3000/admin" "Mozilla/5.0 (Windows NT 10.0; Win64; x64) AppleWebKit/537.36 (KHTML, like Gecko) Chrome/84.0.4147.105 Safari/537.36"
::1 - - [04/Aug/2020:09:29:42 +0000] "GET /admin/content/edit HTTP/1.1" 200 8555 "http://localhost:3000/admin" "Mozilla/5.0 (Windows NT 10.0; Win64; x64) AppleWebKit/537.36 (KHTML, like Gecko) Chrome/84.0.4147.105 Safari/537.36"
::1 - - [04/Aug/2020:09:30:11 +0000] "GET /admin/content/edit HTTP/1.1" 200 8546 "http://localhost:3000/admin" "Mozilla/5.0 (Windows NT 10.0; Win64; x64) AppleWebKit/537.36 (KHTML, like Gecko) Chrome/84.0.4147.105 Safari/537.36"
::1 - - [04/Aug/2020:09:34:15 +0000] "GET /admin/content/edit HTTP/1.1" 200 8490 "http://localhost:3000/admin" "Mozilla/5.0 (Windows NT 10.0; Win64; x64) AppleWebKit/537.36 (KHTML, like Gecko) Chrome/84.0.4147.105 Safari/537.36"
::1 - - [04/Aug/2020:09:36:11 +0000] "GET /admin/content/edit HTTP/1.1" 200 8106 "http://localhost:3000/admin" "Mozilla/5.0 (Windows NT 10.0; Win64; x64) AppleWebKit/537.36 (KHTML, like Gecko) Chrome/84.0.4147.105 Safari/537.36"
::1 - - [04/Aug/2020:09:37:44 +0000] "POST /admin/content/edit HTTP/1.1" 200 5822 "http://localhost:3000/admin/content/edit" "Mozilla/5.0 (Windows NT 10.0; Win64; x64) AppleWebKit/537.36 (KHTML, like Gecko) Chrome/84.0.4147.105 Safari/537.36"
::1 - - [04/Aug/2020:09:37:45 +0000] "GET /admin/content/add HTTP/1.1" 404 156 "http://localhost:3000/admin/content/edit" "Mozilla/5.0 (Windows NT 10.0; Win64; x64) AppleWebKit/537.36 (KHTML, like Gecko) Chrome/84.0.4147.105 Safari/537.36"
::1 - - [04/Aug/2020:09:37:47 +0000] "POST /admin/content/edit HTTP/1.1" 200 5822 "http://localhost:3000/admin/content/edit" "Mozilla/5.0 (Windows NT 10.0; Win64; x64) AppleWebKit/537.36 (KHTML, like Gecko) Chrome/84.0.4147.105 Safari/537.36"
::1 - - [04/Aug/2020:09:37:50 +0000] "GET /admin/content/edit HTTP/1.1" 200 8106 "http://localhost:3000/admin/content/edit" "Mozilla/5.0 (Windows NT 10.0; Win64; x64) AppleWebKit/537.36 (KHTML, like Gecko) Chrome/84.0.4147.105 Safari/537.36"
::1 - - [04/Aug/2020:09:37:59 +0000] "GET /admin/categories HTTP/1.1" - - "http://localhost:3000/admin/content/edit" "Mozilla/5.0 (Windows NT 10.0; Win64; x64) AppleWebKit/537.36 (KHTML, like Gecko) Chrome/84.0.4147.105 Safari/537.36"
::1 - - [04/Aug/2020:09:37:59 +0000] "GET /admin/user HTTP/1.1" 200 7275 "http://localhost:3000/admin/content/edit" "Mozilla/5.0 (Windows NT 10.0; Win64; x64) AppleWebKit/537.36 (KHTML, like Gecko) Chrome/84.0.4147.105 Safari/537.36"
::1 - - [04/Aug/2020:09:38:15 +0000] "GET /admin/audioAdd HTTP/1.1" 200 6279 "http://localhost:3000/admin/user" "Mozilla/5.0 (Windows NT 10.0; Win64; x64) AppleWebKit/537.36 (KHTML, like Gecko) Chrome/84.0.4147.105 Safari/537.36"
::1 - - [04/Aug/2020:09:45:28 +0000] "GET /admin HTTP/1.1" 200 5906 "http://localhost:3000/" "Mozilla/5.0 (Windows NT 10.0; Win64; x64) AppleWebKit/537.36 (KHTML, like Gecko) Chrome/84.0.4147.105 Safari/537.36"
::1 - - [04/Aug/2020:09:45:31 +0000] "GET /admin/categories/edit HTTP/1.1" 200 6011 "http://localhost:3000/admin" "Mozilla/5.0 (Windows NT 10.0; Win64; x64) AppleWebKit/537.36 (KHTML, like Gecko) Chrome/84.0.4147.105 Safari/537.36"
::1 - - [04/Aug/2020:09:45:45 +0000] "POST /admin/categories/edit HTTP/1.1" 200 5817 "http://localhost:3000/admin/categories/edit" "Mozilla/5.0 (Windows NT 10.0; Win64; x64) AppleWebKit/537.36 (KHTML, like Gecko) Chrome/84.0.4147.105 Safari/537.36"
::1 - - [04/Aug/2020:09:45:46 +0000] "GET /admin/categories/edit HTTP/1.1" 200 6011 "http://localhost:3000/admin/categories/edit" "Mozilla/5.0 (Windows NT 10.0; Win64; x64) AppleWebKit/537.36 (KHTML, like Gecko) Chrome/84.0.4147.105 Safari/537.36"
::1 - - [04/Aug/2020:09:45:56 +0000] "POST /admin/categories/edit HTTP/1.1" 200 5817 "http://localhost:3000/admin/categories/edit" "Mozilla/5.0 (Windows NT 10.0; Win64; x64) AppleWebKit/537.36 (KHTML, like Gecko) Chrome/84.0.4147.105 Safari/537.36"
::1 - - [04/Aug/2020:09:45:57 +0000] "GET /admin/categories/edit HTTP/1.1" 200 6011 "http://localhost:3000/admin/categories/edit" "Mozilla/5.0 (Windows NT 10.0; Win64; x64) AppleWebKit/537.36 (KHTML, like Gecko) Chrome/84.0.4147.105 Safari/537.36"
::1 - - [04/Aug/2020:09:46:00 +0000] "POST /admin/categories/edit HTTP/1.1" 200 5817 "http://localhost:3000/admin/categories/edit" "Mozilla/5.0 (Windows NT 10.0; Win64; x64) AppleWebKit/537.36 (KHTML, like Gecko) Chrome/84.0.4147.105 Safari/537.36"
::1 - - [04/Aug/2020:09:46:01 +0000] "GET /admin/categories/edit HTTP/1.1" 200 6011 "http://localhost:3000/admin/categories/edit" "Mozilla/5.0 (Windows NT 10.0; Win64; x64) AppleWebKit/537.36 (KHTML, like Gecko) Chrome/84.0.4147.105 Safari/537.36"
::1 - - [04/Aug/2020:09:46:08 +0000] "POST /admin/categories/edit HTTP/1.1" 200 5817 "http://localhost:3000/admin/categories/edit" "Mozilla/5.0 (Windows NT 10.0; Win64; x64) AppleWebKit/537.36 (KHTML, like Gecko) Chrome/84.0.4147.105 Safari/537.36"
::1 - - [04/Aug/2020:09:46:09 +0000] "GET /admin/categories/edit HTTP/1.1" 200 6011 "http://localhost:3000/admin/categories/edit" "Mozilla/5.0 (Windows NT 10.0; Win64; x64) AppleWebKit/537.36 (KHTML, like Gecko) Chrome/84.0.4147.105 Safari/537.36"
::1 - - [04/Aug/2020:09:46:32 +0000] "GET /admin HTTP/1.1" 304 - "http://localhost:3000/?categoryId=5f292e60cc0f9646948bb705" "Mozilla/5.0 (Windows NT 10.0; Win64; x64) AppleWebKit/537.36 (KHTML, like Gecko) Chrome/84.0.4147.105 Safari/537.36"
::1 - - [04/Aug/2020:10:32:29 +0000] "GET /admin HTTP/1.1" 200 5906 "http://localhost:3000/?categoryId=5f292e60cc0f9646948bb705" "Mozilla/5.0 (Windows NT 10.0; Win64; x64) AppleWebKit/537.36 (KHTML, like Gecko) Chrome/84.0.4147.105 Safari/537.36"
::1 - - [04/Aug/2020:10:32:32 +0000] "GET /admin/user HTTP/1.1" 200 7275 "http://localhost:3000/admin" "Mozilla/5.0 (Windows NT 10.0; Win64; x64) AppleWebKit/537.36 (KHTML, like Gecko) Chrome/84.0.4147.105 Safari/537.36"
::1 - - [04/Aug/2020:12:42:01 +0000] "GET /admin HTTP/1.1" 304 - "http://localhost:3000/?categoryId=5f292e60cc0f9646948bb705" "Mozilla/5.0 (Windows NT 10.0; Win64; x64) AppleWebKit/537.36 (KHTML, like Gecko) Chrome/84.0.4147.105 Safari/537.36"
::1 - - [04/Aug/2020:12:46:18 +0000] "GET /admin HTTP/1.1" 304 - "http://localhost:3000/" "Mozilla/5.0 (Windows NT 10.0; Win64; x64) AppleWebKit/537.36 (KHTML, like Gecko) Chrome/84.0.4147.105 Safari/537.36"
::1 - - [04/Aug/2020:12:46:20 +0000] "GET /admin/content HTTP/1.1" 200 6561 "http://localhost:3000/admin" "Mozilla/5.0 (Windows NT 10.0; Win64; x64) AppleWebKit/537.36 (KHTML, like Gecko) Chrome/84.0.4147.105 Safari/537.36"
::1 - - [04/Aug/2020:12:46:22 +0000] "GET /admin/content/edit HTTP/1.1" 200 8486 "http://localhost:3000/admin/content" "Mozilla/5.0 (Windows NT 10.0; Win64; x64) AppleWebKit/537.36 (KHTML, like Gecko) Chrome/84.0.4147.105 Safari/537.36"
::1 - - [04/Aug/2020:12:59:15 +0000] "GET /admin/content/edit HTTP/1.1" 304 - "http://localhost:3000/admin/content" "Mozilla/5.0 (Windows NT 10.0; Win64; x64) AppleWebKit/537.36 (KHTML, like Gecko) Chrome/84.0.4147.105 Safari/537.36"
::1 - - [04/Aug/2020:12:59:19 +0000] "GET /admin/content/edit HTTP/1.1" 200 8705 "http://localhost:3000/admin/content" "Mozilla/5.0 (Windows NT 10.0; Win64; x64) AppleWebKit/537.36 (KHTML, like Gecko) Chrome/84.0.4147.105 Safari/537.36"
::1 - - [04/Aug/2020:13:00:02 +0000] "GET /admin/content/edit HTTP/1.1" 200 8750 "http://localhost:3000/admin/content" "Mozilla/5.0 (Windows NT 10.0; Win64; x64) AppleWebKit/537.36 (KHTML, like Gecko) Chrome/84.0.4147.105 Safari/537.36"
::1 - - [05/Aug/2020:01:46:40 +0000] "GET /admin/content/edit HTTP/1.1" 304 - "-" "Mozilla/5.0 (Windows NT 10.0; Win64; x64) AppleWebKit/537.36 (KHTML, like Gecko) Chrome/84.0.4147.105 Safari/537.36"
::1 - - [05/Aug/2020:01:46:40 +0000] "GET /admin/content/edit HTTP/1.1" 304 - "-" "Mozilla/5.0 (Windows NT 10.0; Win64; x64) AppleWebKit/537.36 (KHTML, like Gecko) Chrome/84.0.4147.105 Safari/537.36"
::1 - - [05/Aug/2020:01:47:18 +0000] "GET /admin/content/edit HTTP/1.1" 200 8838 "-" "Mozilla/5.0 (Windows NT 10.0; Win64; x64) AppleWebKit/537.36 (KHTML, like Gecko) Chrome/84.0.4147.105 Safari/537.36"
::1 - - [05/Aug/2020:01:49:20 +0000] "GET /admin/content/edit HTTP/1.1" 200 9394 "-" "Mozilla/5.0 (Windows NT 10.0; Win64; x64) AppleWebKit/537.36 (KHTML, like Gecko) Chrome/84.0.4147.105 Safari/537.36"
::1 - - [05/Aug/2020:01:49:25 +0000] "POST /admin/content/edit HTTP/1.1" 200 5822 "http://localhost:3000/admin/content/edit" "Mozilla/5.0 (Windows NT 10.0; Win64; x64) AppleWebKit/537.36 (KHTML, like Gecko) Chrome/84.0.4147.105 Safari/537.36"
::1 - - [05/Aug/2020:02:15:06 +0000] "POST /admin/content/edit HTTP/1.1" 200 5822 "http://localhost:3000/admin/content/edit" "Mozilla/5.0 (Windows NT 10.0; Win64; x64) AppleWebKit/537.36 (KHTML, like Gecko) Chrome/84.0.4147.105 Safari/537.36"
::1 - - [05/Aug/2020:02:15:07 +0000] "GET /admin/content/edit HTTP/1.1" 200 9400 "-" "Mozilla/5.0 (Windows NT 10.0; Win64; x64) AppleWebKit/537.36 (KHTML, like Gecko) Chrome/84.0.4147.105 Safari/537.36"
::ffff:127.0.0.1 - - [05/Aug/2020:02:16:01 +0000] "GET /admin/content/edit HTTP/1.1" 200 9400 "-" "Mozilla/5.0 (Windows NT 10.0; Win64; x64) AppleWebKit/537.36 (KHTML, like Gecko) Chrome/84.0.4147.105 Safari/537.36"
::ffff:127.0.0.1 - - [05/Aug/2020:02:16:19 +0000] "GET /admin/content/edit HTTP/1.1" 200 9400 "-" "Mozilla/5.0 (Windows NT 10.0; Win64; x64) AppleWebKit/537.36 (KHTML, like Gecko) Chrome/84.0.4147.105 Safari/537.36"
::1 - - [05/Aug/2020:02:19:38 +0000] "GET /admin/content/edit HTTP/1.1" 200 9400 "-" "Mozilla/5.0 (Windows NT 10.0; Win64; x64) AppleWebKit/537.36 (KHTML, like Gecko) Chrome/84.0.4147.105 Safari/537.36"
::1 - - [05/Aug/2020:02:19:59 +0000] "GET /admin/content/edit HTTP/1.1" 200 9400 "-" "Mozilla/5.0 (Windows NT 10.0; Win64; x64) AppleWebKit/537.36 (KHTML, like Gecko) Chrome/84.0.4147.105 Safari/537.36"
::ffff:127.0.0.1 - - [05/Aug/2020:02:20:24 +0000] "GET /admin/content/edit HTTP/1.1" 200 9400 "-" "Mozilla/5.0 (Windows NT 10.0; Win64; x64) AppleWebKit/537.36 (KHTML, like Gecko) Chrome/84.0.4147.105 Safari/537.36"
::1 - - [05/Aug/2020:02:22:43 +0000] "GET /admin/content/edit HTTP/1.1" 200 9412 "-" "Mozilla/5.0 (Windows NT 10.0; Win64; x64) AppleWebKit/537.36 (KHTML, like Gecko) Chrome/84.0.4147.105 Safari/537.36"
::ffff:127.0.0.1 - - [05/Aug/2020:02:23:28 +0000] "GET /admin/content/edit HTTP/1.1" 200 9412 "-" "Mozilla/5.0 (Windows NT 10.0; Win64; x64) AppleWebKit/537.36 (KHTML, like Gecko) Chrome/84.0.4147.105 Safari/537.36"
::1 - - [05/Aug/2020:02:23:59 +0000] "GET /admin/content/edit HTTP/1.1" 200 9412 "-" "Mozilla/5.0 (Windows NT 10.0; Win64; x64) AppleWebKit/537.36 (KHTML, like Gecko) Chrome/84.0.4147.105 Safari/537.36"
::ffff:127.0.0.1 - - [05/Aug/2020:02:35:24 +0000] "GET /admin/content/edit HTTP/1.1" 200 9412 "-" "Mozilla/5.0 (Windows NT 10.0; Win64; x64) AppleWebKit/537.36 (KHTML, like Gecko) Chrome/84.0.4147.105 Safari/537.36"
::1 - - [05/Aug/2020:02:49:39 +0000] "GET /admin/content/edit HTTP/1.1" 200 9412 "-" "Mozilla/5.0 (Windows NT 10.0; Win64; x64) AppleWebKit/537.36 (KHTML, like Gecko) Chrome/84.0.4147.105 Safari/537.36"
::1 - - [05/Aug/2020:02:56:23 +0000] "GET /admin/content/edit HTTP/1.1" 200 9412 "-" "Mozilla/5.0 (Windows NT 10.0; Win64; x64) AppleWebKit/537.36 (KHTML, like Gecko) Chrome/84.0.4147.105 Safari/537.36"
::1 - - [05/Aug/2020:02:56:27 +0000] "GET /admin/content HTTP/1.1" - - "http://localhost:3000/admin" "Mozilla/5.0 (Windows NT 10.0; Win64; x64) AppleWebKit/537.36 (KHTML, like Gecko) Chrome/84.0.4147.105 Safari/537.36"
::1 - - [05/Aug/2020:02:56:29 +0000] "GET /admin HTTP/1.1" 200 5906 "http://localhost:3000/" "Mozilla/5.0 (Windows NT 10.0; Win64; x64) AppleWebKit/537.36 (KHTML, like Gecko) Chrome/84.0.4147.105 Safari/537.36"
::1 - - [05/Aug/2020:02:56:29 +0000] "GET /admin/content/edit HTTP/1.1" - - "-" "Mozilla/5.0 (Windows NT 10.0; Win64; x64) AppleWebKit/537.36 (KHTML, like Gecko) Chrome/84.0.4147.105 Safari/537.36"
::1 - - [05/Aug/2020:02:56:31 +0000] "GET /admin/content/edit HTTP/1.1" 200 9412 "-" "Mozilla/5.0 (Windows NT 10.0; Win64; x64) AppleWebKit/537.36 (KHTML, like Gecko) Chrome/84.0.4147.105 Safari/537.36"
::1 - - [05/Aug/2020:02:56:37 +0000] "GET /admin/content/edit HTTP/1.1" 200 9412 "-" "Mozilla/5.0 (Windows NT 10.0; Win64; x64) AppleWebKit/537.36 (KHTML, like Gecko) Chrome/84.0.4147.105 Safari/537.36"
::1 - - [05/Aug/2020:02:56:37 +0000] "GET /admin/content/edit HTTP/1.1" 200 9412 "-" "Mozilla/5.0 (Windows NT 10.0; Win64; x64) AppleWebKit/537.36 (KHTML, like Gecko) Chrome/84.0.4147.105 Safari/537.36"
::1 - - [05/Aug/2020:02:58:35 +0000] "GET /admin/content/edit HTTP/1.1" 200 9426 "-" "Mozilla/5.0 (Windows NT 10.0; Win64; x64) AppleWebKit/537.36 (KHTML, like Gecko) Chrome/84.0.4147.105 Safari/537.36"
::1 - - [05/Aug/2020:02:59:06 +0000] "GET /admin/content/edit HTTP/1.1" 200 9440 "-" "Mozilla/5.0 (Windows NT 10.0; Win64; x64) AppleWebKit/537.36 (KHTML, like Gecko) Chrome/84.0.4147.105 Safari/537.36"
::1 - - [05/Aug/2020:03:00:53 +0000] "GET /admin HTTP/1.1" 200 5934 "http://localhost:3000/" "Mozilla/5.0 (Windows NT 10.0; Win64; x64) AppleWebKit/537.36 (KHTML, like Gecko) Chrome/84.0.4147.105 Safari/537.36"
::1 - - [05/Aug/2020:03:01:02 +0000] "GET /admin/content/edit HTTP/1.1" 200 9440 "http://localhost:3000/admin" "Mozilla/5.0 (Windows NT 10.0; Win64; x64) AppleWebKit/537.36 (KHTML, like Gecko) Chrome/84.0.4147.105 Safari/537.36"
::1 - - [05/Aug/2020:03:03:57 +0000] "GET /admin/content/edit HTTP/1.1" 200 9440 "http://localhost:3000/admin" "Mozilla/5.0 (Windows NT 10.0; Win64; x64) AppleWebKit/537.36 (KHTML, like Gecko) Chrome/84.0.4147.105 Safari/537.36"
::1 - - [05/Aug/2020:03:13:38 +0000] "GET /admin HTTP/1.1" 200 5934 "http://localhost:3000/" "Mozilla/5.0 (Windows NT 10.0; Win64; x64) AppleWebKit/537.36 (KHTML, like Gecko) Chrome/84.0.4147.105 Safari/537.36"
::1 - - [05/Aug/2020:03:14:44 +0000] "GET /admin HTTP/1.1" 200 5934 "http://localhost:3000/" "Mozilla/5.0 (Windows NT 10.0; Win64; x64) AppleWebKit/537.36 (KHTML, like Gecko) Chrome/84.0.4147.105 Safari/537.36"
::1 - - [05/Aug/2020:03:14:48 +0000] "GET /admin/content/edit HTTP/1.1" 200 9440 "http://localhost:3000/admin" "Mozilla/5.0 (Windows NT 10.0; Win64; x64) AppleWebKit/537.36 (KHTML, like Gecko) Chrome/84.0.4147.105 Safari/537.36"
::1 - - [05/Aug/2020:03:19:11 +0000] "GET /admin/content/edit HTTP/1.1" 200 9439 "http://localhost:3000/admin" "Mozilla/5.0 (Windows NT 10.0; Win64; x64) AppleWebKit/537.36 (KHTML, like Gecko) Chrome/84.0.4147.105 Safari/537.36"
::1 - - [05/Aug/2020:03:19:23 +0000] "GET /admin/content/edit HTTP/1.1" 200 9439 "http://localhost:3000/admin" "Mozilla/5.0 (Windows NT 10.0; Win64; x64) AppleWebKit/537.36 (KHTML, like Gecko) Chrome/84.0.4147.105 Safari/537.36"
::1 - - [05/Aug/2020:03:19:41 +0000] "POST /admin/content/edit HTTP/1.1" 200 5836 "http://localhost:3000/admin/content/edit" "Mozilla/5.0 (Windows NT 10.0; Win64; x64) AppleWebKit/537.36 (KHTML, like Gecko) Chrome/84.0.4147.105 Safari/537.36"
::1 - - [05/Aug/2020:03:21:46 +0000] "GET /admin/content/edit HTTP/1.1" 200 9439 "http://localhost:3000/admin/content/edit" "Mozilla/5.0 (Windows NT 10.0; Win64; x64) AppleWebKit/537.36 (KHTML, like Gecko) Chrome/84.0.4147.105 Safari/537.36"
::1 - - [05/Aug/2020:03:21:58 +0000] "POST /admin/content/edit HTTP/1.1" 200 5836 "http://localhost:3000/admin/content/edit" "Mozilla/5.0 (Windows NT 10.0; Win64; x64) AppleWebKit/537.36 (KHTML, like Gecko) Chrome/84.0.4147.105 Safari/537.36"
::1 - - [05/Aug/2020:03:22:07 +0000] "GET /admin/content/edit HTTP/1.1" 200 9439 "http://localhost:3000/admin/content/edit" "Mozilla/5.0 (Windows NT 10.0; Win64; x64) AppleWebKit/537.36 (KHTML, like Gecko) Chrome/84.0.4147.105 Safari/537.36"
::1 - - [05/Aug/2020:03:22:41 +0000] "GET /admin/content/edit HTTP/1.1" 200 9443 "http://localhost:3000/admin/content/edit" "Mozilla/5.0 (Windows NT 10.0; Win64; x64) AppleWebKit/537.36 (KHTML, like Gecko) Chrome/84.0.4147.105 Safari/537.36"
::1 - - [05/Aug/2020:03:27:10 +0000] "GET /admin/content/edit HTTP/1.1" 200 9443 "http://localhost:3000/admin/content/edit" "Mozilla/5.0 (Windows NT 10.0; Win64; x64) AppleWebKit/537.36 (KHTML, like Gecko) Chrome/84.0.4147.105 Safari/537.36"
